============================= test session starts ==============================
platform darwin -- Python 3.13.5, pytest-8.4.0, pluggy-1.6.0
benchmark: 5.1.0 (defaults: timer=time.perf_counter disable_gc=False min_rounds=5 min_time=0.000005 max_time=1.0 calibration_precision=10 warmup=False warmup_iterations=100000)
rootdir: /Users/developer/Documents/Atlas
configfile: pytest.ini
plugins: anyio-4.9.0, langsmith-0.4.1, cov-6.2.1, benchmark-5.1.0
collected 166 items

tests/performance/test_core_performance.py FFF.F                         [  3%]
tests/planning/test_strategic_planner.py ....                            [  5%]
tests/planning/test_tactical_planner.py ....                             [  7%]
tests/security/test_creator_session_memory.py ..                         [  9%]
tests/security/test_enhanced_security.py ....                            [ 11%]
tests/security/test_security_and_translation.py .F                       [ 12%]
tests/test_agent_manager.py FFFF                                         [ 15%]
tests/test_agent_manager_reloading.py F                                  [ 15%]
tests/test_architecture.py F                                             [ 16%]
tests/test_atlas_startup.py F                                            [ 16%]
tests/test_chat_fix.py F                                                 [ 17%]
tests/test_chat_improvements.py F                                        [ 18%]
tests/test_chat_memory_system.py FFFF                                    [ 20%]
tests/test_cleaned_context.py F                                          [ 21%]
tests/test_clipboard_tool.py ...                                         [ 22%]
tests/test_comprehensive_fixes.py FFFF                                   [ 25%]
tests/test_config_fix.py FFF                                             [ 27%]
tests/test_context_improvements.py ..                                    [ 28%]
tests/test_creator_system_complete.py FF                                 [ 29%]
tests/test_default_provider.py F                                         [ 30%]
tests/test_dynamic_tool_creation.py .                                    [ 30%]
tests/test_english_only_system.py .                                      [ 31%]
tests/test_enhanced_memory_integration.py .F..                           [ 33%]
tests/test_enhanced_memory_manager_fix.py ....                           [ 36%]
tests/test_environmental_adaptation.py .                                 [ 36%]
tests/test_error_recovery.py ...                                         [ 38%]
tests/test_final_integration.py F                                        [ 39%]
tests/test_final_system.py F                                             [ 39%]
tests/test_full_config_flow.py FFF                                       [ 41%]
tests/test_full_workflow.py F                                            [ 42%]
tests/test_gemini_api.py FF                                              [ 43%]
tests/test_goal_clarification.py ...                                     [ 45%]
tests/test_gui_creation.py F                                             [ 45%]
tests/test_gui_final.py FF                                               [ 46%]
tests/test_hierarchical_planning_integration.py F                        [ 47%]
tests/test_image_recognition_tool.py ......                              [ 51%]
tests/test_llm_manager_config.py F                                       [ 51%]
tests/test_master_agent.py F..F                                          [ 54%]
tests/test_memory_fix.py F                                               [ 54%]
tests/test_memory_help_responses.py .                                    [ 55%]
tests/test_mode_detection_regression.py .                                [ 56%]
tests/test_mode_system.py .FFF                                           [ 58%]
tests/test_notification_tool.py ...                                      [ 60%]
tests/test_ocr_tool.py .....                                             [ 63%]
tests/test_openai_fallback.py F                                          [ 63%]
tests/test_plugin_integration.py F                                       [ 64%]
tests/test_problem_decomposition_agent.py .....                          [ 67%]
tests/test_screenshot_complete.py FFFFFF                                 [ 71%]
tests/test_screenshot_macos.py F                                         [ 71%]
tests/test_screenshot_tool.py FFF.                                       [ 74%]
tests/test_security_fail.py FF                                           [ 75%]
tests/test_security_system.py FF                                         [ 76%]
tests/test_security_workflow.py .F.                                      [ 78%]
tests/test_simple_patterns.py ..                                         [ 79%]
tests/test_terminal_tool.py ........                                     [ 84%]
tests/test_thinking_quality.py FF                                        [ 85%]
tests/test_tool_creator_agent.py ........                                [ 90%]
tests/test_tools_loading.py F                                            [ 90%]
tests/test_translation_initialization.py ..                              [ 92%]
tests/test_translation_integration.py ..                                 [ 93%]
tests/test_translation_system.py ...                                     [ 95%]
tests/test_ui_components.py ..                                           [ 96%]
tests/test_unified_config.py .                                           [ 96%]
tests/test_utils_config.py F                                             [ 97%]
tests/test_web_browsing.py FFFF                                          [100%]

=================================== FAILURES ===================================
_________ TestCorePerformance.test_master_agent_initialization_latency _________

self = <test_core_performance.TestCorePerformance object at 0x10c4e3c50>
benchmark = <pytest_benchmark.fixture.BenchmarkFixture object at 0x11d43f8c0>

    @pytest.mark.performance
    def test_master_agent_initialization_latency(self, benchmark):
        """Test MasterAgent initialization time."""
        def setup_master_agent():
            # Mock dependencies to focus on initialization logic
            with patch('agents.master_agent.AgentManager'), \
                 patch('agents.master_agent.LLMManager'), \
                 patch('agents.master_agent.TokenTracker'), \
                 patch('intelligence.context_awareness_engine.ContextAwarenessEngine'):
    
                from agents.master_agent import MasterAgent
                return MasterAgent(
                    config_manager=Mock(),
                    agent_manager=Mock(),
                    llm_manager=Mock(),
                    memory_manager=Mock()
                )
    
>       result = benchmark(setup_master_agent)
                 ^^^^^^^^^^^^^^^^^^^^^^^^^^^^^

tests/performance/test_core_performance.py:32: 
_ _ _ _ _ _ _ _ _ _ _ _ _ _ _ _ _ _ _ _ _ _ _ _ _ _ _ _ _ _ _ _ _ _ _ _ _ _ _ _ 
venv/lib/python3.13/site-packages/pytest_benchmark/fixture.py:156: in __call__
    return self._raw(function_to_benchmark, *args, **kwargs)
           ^^^^^^^^^^^^^^^^^^^^^^^^^^^^^^^^^^^^^^^^^^^^^^^^^
venv/lib/python3.13/site-packages/pytest_benchmark/fixture.py:180: in _raw
    duration, iterations, loops_range = self._calibrate_timer(runner)
                                        ^^^^^^^^^^^^^^^^^^^^^^^^^^^^^
venv/lib/python3.13/site-packages/pytest_benchmark/fixture.py:318: in _calibrate_timer
    duration = runner(loops_range)
               ^^^^^^^^^^^^^^^^^^^
venv/lib/python3.13/site-packages/pytest_benchmark/fixture.py:109: in runner
    function_to_benchmark(*args, **kwargs)
tests/performance/test_core_performance.py:21: in setup_master_agent
    patch('agents.master_agent.TokenTracker'), \
    ^^^^^^^^^^^^^^^^^^^^^^^^^^^^^^^^^^^^^^^^^
/opt/homebrew/Cellar/python@3.13/3.13.5/Frameworks/Python.framework/Versions/3.13/lib/python3.13/unittest/mock.py:1497: in __enter__
    original, local = self.get_original()
                      ^^^^^^^^^^^^^^^^^^^
_ _ _ _ _ _ _ _ _ _ _ _ _ _ _ _ _ _ _ _ _ _ _ _ _ _ _ _ _ _ _ _ _ _ _ _ _ _ _ _ 

self = <unittest.mock._patch object at 0x11d545700>

    def get_original(self):
        target = self.getter()
        name = self.attribute
    
        original = DEFAULT
        local = False
    
        try:
            original = target.__dict__[name]
        except (AttributeError, KeyError):
            original = getattr(target, name, DEFAULT)
        else:
            local = True
    
        if name in _builtins and isinstance(target, ModuleType):
            self.create = True
    
        if not self.create and original is DEFAULT:
>           raise AttributeError(
                "%s does not have the attribute %r" % (target, name)
            )
E           AttributeError: <module 'agents.master_agent' from '/Users/developer/Documents/Atlas/agents/master_agent.py'> does not have the attribute 'TokenTracker'

/opt/homebrew/Cellar/python@3.13/3.13.5/Frameworks/Python.framework/Versions/3.13/lib/python3.13/unittest/mock.py:1467: AttributeError
______________ TestCorePerformance.test_llm_manager_response_time ______________

self = <test_core_performance.TestCorePerformance object at 0x10c5b0190>
benchmark = <pytest_benchmark.fixture.BenchmarkFixture object at 0x11d6887d0>

    @pytest.mark.performance
    def test_llm_manager_response_time(self, benchmark):
        """Test LLM Manager response processing time."""
        def process_mock_response():
            with patch('utils.llm_manager.openai'), \
                 patch('utils.llm_manager.anthropic'), \
                 patch('utils.llm_manager.groq'):
    
                from utils.llm_manager import LLMManager
                from agents.token_tracker import TokenTracker
    
                llm_manager = LLMManager(
                    token_tracker=TokenTracker(),
                    config_manager=Mock()
                )
    
                # Mock a simple response processing
                mock_response = Mock()
                mock_response.choices = [Mock()]
                mock_response.choices[0].message.content = "Test response"
    
                return llm_manager._extract_content_from_response(mock_response, "openai")
    
>       result = benchmark(process_mock_response)
                 ^^^^^^^^^^^^^^^^^^^^^^^^^^^^^^^^

tests/performance/test_core_performance.py:61: 
_ _ _ _ _ _ _ _ _ _ _ _ _ _ _ _ _ _ _ _ _ _ _ _ _ _ _ _ _ _ _ _ _ _ _ _ _ _ _ _ 
venv/lib/python3.13/site-packages/pytest_benchmark/fixture.py:156: in __call__
    return self._raw(function_to_benchmark, *args, **kwargs)
           ^^^^^^^^^^^^^^^^^^^^^^^^^^^^^^^^^^^^^^^^^^^^^^^^^
venv/lib/python3.13/site-packages/pytest_benchmark/fixture.py:180: in _raw
    duration, iterations, loops_range = self._calibrate_timer(runner)
                                        ^^^^^^^^^^^^^^^^^^^^^^^^^^^^^
venv/lib/python3.13/site-packages/pytest_benchmark/fixture.py:318: in _calibrate_timer
    duration = runner(loops_range)
               ^^^^^^^^^^^^^^^^^^^
venv/lib/python3.13/site-packages/pytest_benchmark/fixture.py:109: in runner
    function_to_benchmark(*args, **kwargs)
tests/performance/test_core_performance.py:42: in process_mock_response
    with patch('utils.llm_manager.openai'), \
         ^^^^^^^^^^^^^^^^^^^^^^^^^^^^^^^^^
/opt/homebrew/Cellar/python@3.13/3.13.5/Frameworks/Python.framework/Versions/3.13/lib/python3.13/unittest/mock.py:1497: in __enter__
    original, local = self.get_original()
                      ^^^^^^^^^^^^^^^^^^^
_ _ _ _ _ _ _ _ _ _ _ _ _ _ _ _ _ _ _ _ _ _ _ _ _ _ _ _ _ _ _ _ _ _ _ _ _ _ _ _ 

self = <unittest.mock._patch object at 0x11d5aac50>

    def get_original(self):
        target = self.getter()
        name = self.attribute
    
        original = DEFAULT
        local = False
    
        try:
            original = target.__dict__[name]
        except (AttributeError, KeyError):
            original = getattr(target, name, DEFAULT)
        else:
            local = True
    
        if name in _builtins and isinstance(target, ModuleType):
            self.create = True
    
        if not self.create and original is DEFAULT:
>           raise AttributeError(
                "%s does not have the attribute %r" % (target, name)
            )
E           AttributeError: <module 'utils.llm_manager' from '/Users/developer/Documents/Atlas/utils/llm_manager.py'> does not have the attribute 'openai'

/opt/homebrew/Cellar/python@3.13/3.13.5/Frameworks/Python.framework/Versions/3.13/lib/python3.13/unittest/mock.py:1467: AttributeError
______________ TestCorePerformance.test_memory_operation_latency _______________

self = <test_core_performance.TestCorePerformance object at 0x10c50be10>
benchmark = <pytest_benchmark.fixture.BenchmarkFixture object at 0x11d688f50>

    @pytest.mark.performance
    def test_memory_operation_latency(self, benchmark):
        """Test memory storage and retrieval latency."""
        def memory_operations():
            with patch('agents.enhanced_memory_manager.chromadb'):
                from agents.enhanced_memory_manager import EnhancedMemoryManager, MemoryType
    
                memory_manager = EnhancedMemoryManager()
    
                # Store a memory entry
                memory_id = memory_manager.store_memory(
                    content="Test memory content",
                    memory_type=MemoryType.TASK_EXECUTION,
                    agent_name="test_agent"
                )
    
                # Retrieve the memory
                retrieved = memory_manager.retrieve_memories(
                    query="test",
                    memory_type=MemoryType.TASK_EXECUTION,
                    limit=1
                )
    
                return len(retrieved)
    
>       result = benchmark(memory_operations)
                 ^^^^^^^^^^^^^^^^^^^^^^^^^^^^

tests/performance/test_core_performance.py:92: 
_ _ _ _ _ _ _ _ _ _ _ _ _ _ _ _ _ _ _ _ _ _ _ _ _ _ _ _ _ _ _ _ _ _ _ _ _ _ _ _ 
venv/lib/python3.13/site-packages/pytest_benchmark/fixture.py:156: in __call__
    return self._raw(function_to_benchmark, *args, **kwargs)
           ^^^^^^^^^^^^^^^^^^^^^^^^^^^^^^^^^^^^^^^^^^^^^^^^^
venv/lib/python3.13/site-packages/pytest_benchmark/fixture.py:180: in _raw
    duration, iterations, loops_range = self._calibrate_timer(runner)
                                        ^^^^^^^^^^^^^^^^^^^^^^^^^^^^^
venv/lib/python3.13/site-packages/pytest_benchmark/fixture.py:318: in _calibrate_timer
    duration = runner(loops_range)
               ^^^^^^^^^^^^^^^^^^^
venv/lib/python3.13/site-packages/pytest_benchmark/fixture.py:109: in runner
    function_to_benchmark(*args, **kwargs)
_ _ _ _ _ _ _ _ _ _ _ _ _ _ _ _ _ _ _ _ _ _ _ _ _ _ _ _ _ _ _ _ _ _ _ _ _ _ _ _ 

    def memory_operations():
        with patch('agents.enhanced_memory_manager.chromadb'):
            from agents.enhanced_memory_manager import EnhancedMemoryManager, MemoryType
    
>           memory_manager = EnhancedMemoryManager()
                             ^^^^^^^^^^^^^^^^^^^^^^^
E           TypeError: EnhancedMemoryManager.__init__() missing 2 required positional arguments: 'llm_manager' and 'config_manager'

tests/performance/test_core_performance.py:74: TypeError
______________ TestToolPerformance.test_code_reader_tool_latency _______________

self = <test_core_performance.TestToolPerformance object at 0x10c5b02d0>
benchmark = <pytest_benchmark.fixture.BenchmarkFixture object at 0x11d452fd0>

    @pytest.mark.performance
    def test_code_reader_tool_latency(self, benchmark):
        """Test code reading tool performance."""
        def read_mock_code():
            with patch('tools.code_reader_tool.os.path.exists', return_value=True), \
                 patch('builtins.open', mock_open_read_data="# Test code\nprint('hello')\n"):
    
                from tools.code_reader_tool import CodeReaderTool
                tool = CodeReaderTool()
                return tool.read_file("test.py")
    
        def mock_open_read_data(data):
            from unittest.mock import mock_open
            return mock_open(read_data=data)
    
        result = benchmark(read_mock_code)
>       assert "Test code" in result
E       AssertionError: assert 'Test code' in '❌ File not found: test.py'

tests/performance/test_core_performance.py:134: AssertionError
------------------------------ Captured log call -------------------------------
ERROR    root:code_reader_tool.py:120 Failed to load cache: the JSON object must be str, bytes or bytearray, not MagicMock
ERROR    root:code_reader_tool.py:120 Failed to load cache: the JSON object must be str, bytes or bytearray, not MagicMock
ERROR    root:code_reader_tool.py:120 Failed to load cache: the JSON object must be str, bytes or bytearray, not MagicMock
ERROR    root:code_reader_tool.py:120 Failed to load cache: the JSON object must be str, bytes or bytearray, not MagicMock
ERROR    root:code_reader_tool.py:120 Failed to load cache: the JSON object must be str, bytes or bytearray, not MagicMock
ERROR    root:code_reader_tool.py:120 Failed to load cache: the JSON object must be str, bytes or bytearray, not MagicMock
ERROR    root:code_reader_tool.py:120 Failed to load cache: the JSON object must be str, bytes or bytearray, not MagicMock
ERROR    root:code_reader_tool.py:120 Failed to load cache: the JSON object must be str, bytes or bytearray, not MagicMock
ERROR    root:code_reader_tool.py:120 Failed to load cache: the JSON object must be str, bytes or bytearray, not MagicMock
ERROR    root:code_reader_tool.py:120 Failed to load cache: the JSON object must be str, bytes or bytearray, not MagicMock
ERROR    root:code_reader_tool.py:120 Failed to load cache: the JSON object must be str, bytes or bytearray, not MagicMock
ERROR    root:code_reader_tool.py:120 Failed to load cache: the JSON object must be str, bytes or bytearray, not MagicMock
ERROR    root:code_reader_tool.py:120 Failed to load cache: the JSON object must be str, bytes or bytearray, not MagicMock
ERROR    root:code_reader_tool.py:120 Failed to load cache: the JSON object must be str, bytes or bytearray, not MagicMock
ERROR    root:code_reader_tool.py:120 Failed to load cache: the JSON object must be str, bytes or bytearray, not MagicMock
ERROR    root:code_reader_tool.py:120 Failed to load cache: the JSON object must be str, bytes or bytearray, not MagicMock
ERROR    root:code_reader_tool.py:120 Failed to load cache: the JSON object must be str, bytes or bytearray, not MagicMock
ERROR    root:code_reader_tool.py:120 Failed to load cache: the JSON object must be str, bytes or bytearray, not MagicMock
ERROR    root:code_reader_tool.py:120 Failed to load cache: the JSON object must be str, bytes or bytearray, not MagicMock
ERROR    root:code_reader_tool.py:120 Failed to load cache: the JSON object must be str, bytes or bytearray, not MagicMock
ERROR    root:code_reader_tool.py:120 Failed to load cache: the JSON object must be str, bytes or bytearray, not MagicMock
ERROR    root:code_reader_tool.py:120 Failed to load cache: the JSON object must be str, bytes or bytearray, not MagicMock
ERROR    root:code_reader_tool.py:120 Failed to load cache: the JSON object must be str, bytes or bytearray, not MagicMock
ERROR    root:code_reader_tool.py:120 Failed to load cache: the JSON object must be str, bytes or bytearray, not MagicMock
ERROR    root:code_reader_tool.py:120 Failed to load cache: the JSON object must be str, bytes or bytearray, not MagicMock
ERROR    root:code_reader_tool.py:120 Failed to load cache: the JSON object must be str, bytes or bytearray, not MagicMock
ERROR    root:code_reader_tool.py:120 Failed to load cache: the JSON object must be str, bytes or bytearray, not MagicMock
ERROR    root:code_reader_tool.py:120 Failed to load cache: the JSON object must be str, bytes or bytearray, not MagicMock
ERROR    root:code_reader_tool.py:120 Failed to load cache: the JSON object must be str, bytes or bytearray, not MagicMock
ERROR    root:code_reader_tool.py:120 Failed to load cache: the JSON object must be str, bytes or bytearray, not MagicMock
ERROR    root:code_reader_tool.py:120 Failed to load cache: the JSON object must be str, bytes or bytearray, not MagicMock
ERROR    root:code_reader_tool.py:120 Failed to load cache: the JSON object must be str, bytes or bytearray, not MagicMock
ERROR    root:code_reader_tool.py:120 Failed to load cache: the JSON object must be str, bytes or bytearray, not MagicMock
ERROR    root:code_reader_tool.py:120 Failed to load cache: the JSON object must be str, bytes or bytearray, not MagicMock
ERROR    root:code_reader_tool.py:120 Failed to load cache: the JSON object must be str, bytes or bytearray, not MagicMock
ERROR    root:code_reader_tool.py:120 Failed to load cache: the JSON object must be str, bytes or bytearray, not MagicMock
ERROR    root:code_reader_tool.py:120 Failed to load cache: the JSON object must be str, bytes or bytearray, not MagicMock
ERROR    root:code_reader_tool.py:120 Failed to load cache: the JSON object must be str, bytes or bytearray, not MagicMock
ERROR    root:code_reader_tool.py:120 Failed to load cache: the JSON object must be str, bytes or bytearray, not MagicMock
ERROR    root:code_reader_tool.py:120 Failed to load cache: the JSON object must be str, bytes or bytearray, not MagicMock
ERROR    root:code_reader_tool.py:120 Failed to load cache: the JSON object must be str, bytes or bytearray, not MagicMock
ERROR    root:code_reader_tool.py:120 Failed to load cache: the JSON object must be str, bytes or bytearray, not MagicMock
ERROR    root:code_reader_tool.py:120 Failed to load cache: the JSON object must be str, bytes or bytearray, not MagicMock
ERROR    root:code_reader_tool.py:120 Failed to load cache: the JSON object must be str, bytes or bytearray, not MagicMock
ERROR    root:code_reader_tool.py:120 Failed to load cache: the JSON object must be str, bytes or bytearray, not MagicMock
ERROR    root:code_reader_tool.py:120 Failed to load cache: the JSON object must be str, bytes or bytearray, not MagicMock
ERROR    root:code_reader_tool.py:120 Failed to load cache: the JSON object must be str, bytes or bytearray, not MagicMock
ERROR    root:code_reader_tool.py:120 Failed to load cache: the JSON object must be str, bytes or bytearray, not MagicMock
ERROR    root:code_reader_tool.py:120 Failed to load cache: the JSON object must be str, bytes or bytearray, not MagicMock
ERROR    root:code_reader_tool.py:120 Failed to load cache: the JSON object must be str, bytes or bytearray, not MagicMock
ERROR    root:code_reader_tool.py:120 Failed to load cache: the JSON object must be str, bytes or bytearray, not MagicMock
ERROR    root:code_reader_tool.py:120 Failed to load cache: the JSON object must be str, bytes or bytearray, not MagicMock
ERROR    root:code_reader_tool.py:120 Failed to load cache: the JSON object must be str, bytes or bytearray, not MagicMock
ERROR    root:code_reader_tool.py:120 Failed to load cache: the JSON object must be str, bytes or bytearray, not MagicMock
ERROR    root:code_reader_tool.py:120 Failed to load cache: the JSON object must be str, bytes or bytearray, not MagicMock
ERROR    root:code_reader_tool.py:120 Failed to load cache: the JSON object must be str, bytes or bytearray, not MagicMock
ERROR    root:code_reader_tool.py:120 Failed to load cache: the JSON object must be str, bytes or bytearray, not MagicMock
ERROR    root:code_reader_tool.py:120 Failed to load cache: the JSON object must be str, bytes or bytearray, not MagicMock
ERROR    root:code_reader_tool.py:120 Failed to load cache: the JSON object must be str, bytes or bytearray, not MagicMock
ERROR    root:code_reader_tool.py:120 Failed to load cache: the JSON object must be str, bytes or bytearray, not MagicMock
ERROR    root:code_reader_tool.py:120 Failed to load cache: the JSON object must be str, bytes or bytearray, not MagicMock
ERROR    root:code_reader_tool.py:120 Failed to load cache: the JSON object must be str, bytes or bytearray, not MagicMock
ERROR    root:code_reader_tool.py:120 Failed to load cache: the JSON object must be str, bytes or bytearray, not MagicMock
ERROR    root:code_reader_tool.py:120 Failed to load cache: the JSON object must be str, bytes or bytearray, not MagicMock
ERROR    root:code_reader_tool.py:120 Failed to load cache: the JSON object must be str, bytes or bytearray, not MagicMock
ERROR    root:code_reader_tool.py:120 Failed to load cache: the JSON object must be str, bytes or bytearray, not MagicMock
ERROR    root:code_reader_tool.py:120 Failed to load cache: the JSON object must be str, bytes or bytearray, not MagicMock
ERROR    root:code_reader_tool.py:120 Failed to load cache: the JSON object must be str, bytes or bytearray, not MagicMock
ERROR    root:code_reader_tool.py:120 Failed to load cache: the JSON object must be str, bytes or bytearray, not MagicMock
ERROR    root:code_reader_tool.py:120 Failed to load cache: the JSON object must be str, bytes or bytearray, not MagicMock
ERROR    root:code_reader_tool.py:120 Failed to load cache: the JSON object must be str, bytes or bytearray, not MagicMock
ERROR    root:code_reader_tool.py:120 Failed to load cache: the JSON object must be str, bytes or bytearray, not MagicMock
ERROR    root:code_reader_tool.py:120 Failed to load cache: the JSON object must be str, bytes or bytearray, not MagicMock
ERROR    root:code_reader_tool.py:120 Failed to load cache: the JSON object must be str, bytes or bytearray, not MagicMock
ERROR    root:code_reader_tool.py:120 Failed to load cache: the JSON object must be str, bytes or bytearray, not MagicMock
ERROR    root:code_reader_tool.py:120 Failed to load cache: the JSON object must be str, bytes or bytearray, not MagicMock
ERROR    root:code_reader_tool.py:120 Failed to load cache: the JSON object must be str, bytes or bytearray, not MagicMock
ERROR    root:code_reader_tool.py:120 Failed to load cache: the JSON object must be str, bytes or bytearray, not MagicMock
ERROR    root:code_reader_tool.py:120 Failed to load cache: the JSON object must be str, bytes or bytearray, not MagicMock
ERROR    root:code_reader_tool.py:120 Failed to load cache: the JSON object must be str, bytes or bytearray, not MagicMock
ERROR    root:code_reader_tool.py:120 Failed to load cache: the JSON object must be str, bytes or bytearray, not MagicMock
ERROR    root:code_reader_tool.py:120 Failed to load cache: the JSON object must be str, bytes or bytearray, not MagicMock
ERROR    root:code_reader_tool.py:120 Failed to load cache: the JSON object must be str, bytes or bytearray, not MagicMock
ERROR    root:code_reader_tool.py:120 Failed to load cache: the JSON object must be str, bytes or bytearray, not MagicMock
ERROR    root:code_reader_tool.py:120 Failed to load cache: the JSON object must be str, bytes or bytearray, not MagicMock
ERROR    root:code_reader_tool.py:120 Failed to load cache: the JSON object must be str, bytes or bytearray, not MagicMock
ERROR    root:code_reader_tool.py:120 Failed to load cache: the JSON object must be str, bytes or bytearray, not MagicMock
ERROR    root:code_reader_tool.py:120 Failed to load cache: the JSON object must be str, bytes or bytearray, not MagicMock
ERROR    root:code_reader_tool.py:120 Failed to load cache: the JSON object must be str, bytes or bytearray, not MagicMock
ERROR    root:code_reader_tool.py:120 Failed to load cache: the JSON object must be str, bytes or bytearray, not MagicMock
ERROR    root:code_reader_tool.py:120 Failed to load cache: the JSON object must be str, bytes or bytearray, not MagicMock
ERROR    root:code_reader_tool.py:120 Failed to load cache: the JSON object must be str, bytes or bytearray, not MagicMock
ERROR    root:code_reader_tool.py:120 Failed to load cache: the JSON object must be str, bytes or bytearray, not MagicMock
ERROR    root:code_reader_tool.py:120 Failed to load cache: the JSON object must be str, bytes or bytearray, not MagicMock
ERROR    root:code_reader_tool.py:120 Failed to load cache: the JSON object must be str, bytes or bytearray, not MagicMock
ERROR    root:code_reader_tool.py:120 Failed to load cache: the JSON object must be str, bytes or bytearray, not MagicMock
ERROR    root:code_reader_tool.py:120 Failed to load cache: the JSON object must be str, bytes or bytearray, not MagicMock
ERROR    root:code_reader_tool.py:120 Failed to load cache: the JSON object must be str, bytes or bytearray, not MagicMock
ERROR    root:code_reader_tool.py:120 Failed to load cache: the JSON object must be str, bytes or bytearray, not MagicMock
ERROR    root:code_reader_tool.py:120 Failed to load cache: the JSON object must be str, bytes or bytearray, not MagicMock
ERROR    root:code_reader_tool.py:120 Failed to load cache: the JSON object must be str, bytes or bytearray, not MagicMock
ERROR    root:code_reader_tool.py:120 Failed to load cache: the JSON object must be str, bytes or bytearray, not MagicMock
ERROR    root:code_reader_tool.py:120 Failed to load cache: the JSON object must be str, bytes or bytearray, not MagicMock
ERROR    root:code_reader_tool.py:120 Failed to load cache: the JSON object must be str, bytes or bytearray, not MagicMock
ERROR    root:code_reader_tool.py:120 Failed to load cache: the JSON object must be str, bytes or bytearray, not MagicMock
ERROR    root:code_reader_tool.py:120 Failed to load cache: the JSON object must be str, bytes or bytearray, not MagicMock
ERROR    root:code_reader_tool.py:120 Failed to load cache: the JSON object must be str, bytes or bytearray, not MagicMock
ERROR    root:code_reader_tool.py:120 Failed to load cache: the JSON object must be str, bytes or bytearray, not MagicMock
ERROR    root:code_reader_tool.py:120 Failed to load cache: the JSON object must be str, bytes or bytearray, not MagicMock
ERROR    root:code_reader_tool.py:120 Failed to load cache: the JSON object must be str, bytes or bytearray, not MagicMock
ERROR    root:code_reader_tool.py:120 Failed to load cache: the JSON object must be str, bytes or bytearray, not MagicMock
ERROR    root:code_reader_tool.py:120 Failed to load cache: the JSON object must be str, bytes or bytearray, not MagicMock
ERROR    root:code_reader_tool.py:120 Failed to load cache: the JSON object must be str, bytes or bytearray, not MagicMock
ERROR    root:code_reader_tool.py:120 Failed to load cache: the JSON object must be str, bytes or bytearray, not MagicMock
ERROR    root:code_reader_tool.py:120 Failed to load cache: the JSON object must be str, bytes or bytearray, not MagicMock
ERROR    root:code_reader_tool.py:120 Failed to load cache: the JSON object must be str, bytes or bytearray, not MagicMock
ERROR    root:code_reader_tool.py:120 Failed to load cache: the JSON object must be str, bytes or bytearray, not MagicMock
ERROR    root:code_reader_tool.py:120 Failed to load cache: the JSON object must be str, bytes or bytearray, not MagicMock
ERROR    root:code_reader_tool.py:120 Failed to load cache: the JSON object must be str, bytes or bytearray, not MagicMock
ERROR    root:code_reader_tool.py:120 Failed to load cache: the JSON object must be str, bytes or bytearray, not MagicMock
ERROR    root:code_reader_tool.py:120 Failed to load cache: the JSON object must be str, bytes or bytearray, not MagicMock
ERROR    root:code_reader_tool.py:120 Failed to load cache: the JSON object must be str, bytes or bytearray, not MagicMock
ERROR    root:code_reader_tool.py:120 Failed to load cache: the JSON object must be str, bytes or bytearray, not MagicMock
ERROR    root:code_reader_tool.py:120 Failed to load cache: the JSON object must be str, bytes or bytearray, not MagicMock
ERROR    root:code_reader_tool.py:120 Failed to load cache: the JSON object must be str, bytes or bytearray, not MagicMock
ERROR    root:code_reader_tool.py:120 Failed to load cache: the JSON object must be str, bytes or bytearray, not MagicMock
ERROR    root:code_reader_tool.py:120 Failed to load cache: the JSON object must be str, bytes or bytearray, not MagicMock
ERROR    root:code_reader_tool.py:120 Failed to load cache: the JSON object must be str, bytes or bytearray, not MagicMock
ERROR    root:code_reader_tool.py:120 Failed to load cache: the JSON object must be str, bytes or bytearray, not MagicMock
ERROR    root:code_reader_tool.py:120 Failed to load cache: the JSON object must be str, bytes or bytearray, not MagicMock
ERROR    root:code_reader_tool.py:120 Failed to load cache: the JSON object must be str, bytes or bytearray, not MagicMock
ERROR    root:code_reader_tool.py:120 Failed to load cache: the JSON object must be str, bytes or bytearray, not MagicMock
ERROR    root:code_reader_tool.py:120 Failed to load cache: the JSON object must be str, bytes or bytearray, not MagicMock
ERROR    root:code_reader_tool.py:120 Failed to load cache: the JSON object must be str, bytes or bytearray, not MagicMock
ERROR    root:code_reader_tool.py:120 Failed to load cache: the JSON object must be str, bytes or bytearray, not MagicMock
ERROR    root:code_reader_tool.py:120 Failed to load cache: the JSON object must be str, bytes or bytearray, not MagicMock
ERROR    root:code_reader_tool.py:120 Failed to load cache: the JSON object must be str, bytes or bytearray, not MagicMock
ERROR    root:code_reader_tool.py:120 Failed to load cache: the JSON object must be str, bytes or bytearray, not MagicMock
ERROR    root:code_reader_tool.py:120 Failed to load cache: the JSON object must be str, bytes or bytearray, not MagicMock
ERROR    root:code_reader_tool.py:120 Failed to load cache: the JSON object must be str, bytes or bytearray, not MagicMock
ERROR    root:code_reader_tool.py:120 Failed to load cache: the JSON object must be str, bytes or bytearray, not MagicMock
ERROR    root:code_reader_tool.py:120 Failed to load cache: the JSON object must be str, bytes or bytearray, not MagicMock
ERROR    root:code_reader_tool.py:120 Failed to load cache: the JSON object must be str, bytes or bytearray, not MagicMock
ERROR    root:code_reader_tool.py:120 Failed to load cache: the JSON object must be str, bytes or bytearray, not MagicMock
ERROR    root:code_reader_tool.py:120 Failed to load cache: the JSON object must be str, bytes or bytearray, not MagicMock
ERROR    root:code_reader_tool.py:120 Failed to load cache: the JSON object must be str, bytes or bytearray, not MagicMock
ERROR    root:code_reader_tool.py:120 Failed to load cache: the JSON object must be str, bytes or bytearray, not MagicMock
ERROR    root:code_reader_tool.py:120 Failed to load cache: the JSON object must be str, bytes or bytearray, not MagicMock
ERROR    root:code_reader_tool.py:120 Failed to load cache: the JSON object must be str, bytes or bytearray, not MagicMock
ERROR    root:code_reader_tool.py:120 Failed to load cache: the JSON object must be str, bytes or bytearray, not MagicMock
ERROR    root:code_reader_tool.py:120 Failed to load cache: the JSON object must be str, bytes or bytearray, not MagicMock
ERROR    root:code_reader_tool.py:120 Failed to load cache: the JSON object must be str, bytes or bytearray, not MagicMock
ERROR    root:code_reader_tool.py:120 Failed to load cache: the JSON object must be str, bytes or bytearray, not MagicMock
ERROR    root:code_reader_tool.py:120 Failed to load cache: the JSON object must be str, bytes or bytearray, not MagicMock
ERROR    root:code_reader_tool.py:120 Failed to load cache: the JSON object must be str, bytes or bytearray, not MagicMock
ERROR    root:code_reader_tool.py:120 Failed to load cache: the JSON object must be str, bytes or bytearray, not MagicMock
ERROR    root:code_reader_tool.py:120 Failed to load cache: the JSON object must be str, bytes or bytearray, not MagicMock
ERROR    root:code_reader_tool.py:120 Failed to load cache: the JSON object must be str, bytes or bytearray, not MagicMock
ERROR    root:code_reader_tool.py:120 Failed to load cache: the JSON object must be str, bytes or bytearray, not MagicMock
ERROR    root:code_reader_tool.py:120 Failed to load cache: the JSON object must be str, bytes or bytearray, not MagicMock
ERROR    root:code_reader_tool.py:120 Failed to load cache: the JSON object must be str, bytes or bytearray, not MagicMock
ERROR    root:code_reader_tool.py:120 Failed to load cache: the JSON object must be str, bytes or bytearray, not MagicMock
ERROR    root:code_reader_tool.py:120 Failed to load cache: the JSON object must be str, bytes or bytearray, not MagicMock
ERROR    root:code_reader_tool.py:120 Failed to load cache: the JSON object must be str, bytes or bytearray, not MagicMock
ERROR    root:code_reader_tool.py:120 Failed to load cache: the JSON object must be str, bytes or bytearray, not MagicMock
ERROR    root:code_reader_tool.py:120 Failed to load cache: the JSON object must be str, bytes or bytearray, not MagicMock
ERROR    root:code_reader_tool.py:120 Failed to load cache: the JSON object must be str, bytes or bytearray, not MagicMock
ERROR    root:code_reader_tool.py:120 Failed to load cache: the JSON object must be str, bytes or bytearray, not MagicMock
ERROR    root:code_reader_tool.py:120 Failed to load cache: the JSON object must be str, bytes or bytearray, not MagicMock
ERROR    root:code_reader_tool.py:120 Failed to load cache: the JSON object must be str, bytes or bytearray, not MagicMock
ERROR    root:code_reader_tool.py:120 Failed to load cache: the JSON object must be str, bytes or bytearray, not MagicMock
ERROR    root:code_reader_tool.py:120 Failed to load cache: the JSON object must be str, bytes or bytearray, not MagicMock
ERROR    root:code_reader_tool.py:120 Failed to load cache: the JSON object must be str, bytes or bytearray, not MagicMock
ERROR    root:code_reader_tool.py:120 Failed to load cache: the JSON object must be str, bytes or bytearray, not MagicMock
ERROR    root:code_reader_tool.py:120 Failed to load cache: the JSON object must be str, bytes or bytearray, not MagicMock
ERROR    root:code_reader_tool.py:120 Failed to load cache: the JSON object must be str, bytes or bytearray, not MagicMock
ERROR    root:code_reader_tool.py:120 Failed to load cache: the JSON object must be str, bytes or bytearray, not MagicMock
ERROR    root:code_reader_tool.py:120 Failed to load cache: the JSON object must be str, bytes or bytearray, not MagicMock
ERROR    root:code_reader_tool.py:120 Failed to load cache: the JSON object must be str, bytes or bytearray, not MagicMock
ERROR    root:code_reader_tool.py:120 Failed to load cache: the JSON object must be str, bytes or bytearray, not MagicMock
ERROR    root:code_reader_tool.py:120 Failed to load cache: the JSON object must be str, bytes or bytearray, not MagicMock
ERROR    root:code_reader_tool.py:120 Failed to load cache: the JSON object must be str, bytes or bytearray, not MagicMock
ERROR    root:code_reader_tool.py:120 Failed to load cache: the JSON object must be str, bytes or bytearray, not MagicMock
ERROR    root:code_reader_tool.py:120 Failed to load cache: the JSON object must be str, bytes or bytearray, not MagicMock
ERROR    root:code_reader_tool.py:120 Failed to load cache: the JSON object must be str, bytes or bytearray, not MagicMock
ERROR    root:code_reader_tool.py:120 Failed to load cache: the JSON object must be str, bytes or bytearray, not MagicMock
ERROR    root:code_reader_tool.py:120 Failed to load cache: the JSON object must be str, bytes or bytearray, not MagicMock
ERROR    root:code_reader_tool.py:120 Failed to load cache: the JSON object must be str, bytes or bytearray, not MagicMock
ERROR    root:code_reader_tool.py:120 Failed to load cache: the JSON object must be str, bytes or bytearray, not MagicMock
ERROR    root:code_reader_tool.py:120 Failed to load cache: the JSON object must be str, bytes or bytearray, not MagicMock
ERROR    root:code_reader_tool.py:120 Failed to load cache: the JSON object must be str, bytes or bytearray, not MagicMock
ERROR    root:code_reader_tool.py:120 Failed to load cache: the JSON object must be str, bytes or bytearray, not MagicMock
ERROR    root:code_reader_tool.py:120 Failed to load cache: the JSON object must be str, bytes or bytearray, not MagicMock
ERROR    root:code_reader_tool.py:120 Failed to load cache: the JSON object must be str, bytes or bytearray, not MagicMock
ERROR    root:code_reader_tool.py:120 Failed to load cache: the JSON object must be str, bytes or bytearray, not MagicMock
ERROR    root:code_reader_tool.py:120 Failed to load cache: the JSON object must be str, bytes or bytearray, not MagicMock
ERROR    root:code_reader_tool.py:120 Failed to load cache: the JSON object must be str, bytes or bytearray, not MagicMock
ERROR    root:code_reader_tool.py:120 Failed to load cache: the JSON object must be str, bytes or bytearray, not MagicMock
ERROR    root:code_reader_tool.py:120 Failed to load cache: the JSON object must be str, bytes or bytearray, not MagicMock
ERROR    root:code_reader_tool.py:120 Failed to load cache: the JSON object must be str, bytes or bytearray, not MagicMock
ERROR    root:code_reader_tool.py:120 Failed to load cache: the JSON object must be str, bytes or bytearray, not MagicMock
ERROR    root:code_reader_tool.py:120 Failed to load cache: the JSON object must be str, bytes or bytearray, not MagicMock
ERROR    root:code_reader_tool.py:120 Failed to load cache: the JSON object must be str, bytes or bytearray, not MagicMock
ERROR    root:code_reader_tool.py:120 Failed to load cache: the JSON object must be str, bytes or bytearray, not MagicMock
ERROR    root:code_reader_tool.py:120 Failed to load cache: the JSON object must be str, bytes or bytearray, not MagicMock
ERROR    root:code_reader_tool.py:120 Failed to load cache: the JSON object must be str, bytes or bytearray, not MagicMock
ERROR    root:code_reader_tool.py:120 Failed to load cache: the JSON object must be str, bytes or bytearray, not MagicMock
ERROR    root:code_reader_tool.py:120 Failed to load cache: the JSON object must be str, bytes or bytearray, not MagicMock
ERROR    root:code_reader_tool.py:120 Failed to load cache: the JSON object must be str, bytes or bytearray, not MagicMock
ERROR    root:code_reader_tool.py:120 Failed to load cache: the JSON object must be str, bytes or bytearray, not MagicMock
ERROR    root:code_reader_tool.py:120 Failed to load cache: the JSON object must be str, bytes or bytearray, not MagicMock
ERROR    root:code_reader_tool.py:120 Failed to load cache: the JSON object must be str, bytes or bytearray, not MagicMock
ERROR    root:code_reader_tool.py:120 Failed to load cache: the JSON object must be str, bytes or bytearray, not MagicMock
ERROR    root:code_reader_tool.py:120 Failed to load cache: the JSON object must be str, bytes or bytearray, not MagicMock
ERROR    root:code_reader_tool.py:120 Failed to load cache: the JSON object must be str, bytes or bytearray, not MagicMock
ERROR    root:code_reader_tool.py:120 Failed to load cache: the JSON object must be str, bytes or bytearray, not MagicMock
ERROR    root:code_reader_tool.py:120 Failed to load cache: the JSON object must be str, bytes or bytearray, not MagicMock
ERROR    root:code_reader_tool.py:120 Failed to load cache: the JSON object must be str, bytes or bytearray, not MagicMock
ERROR    root:code_reader_tool.py:120 Failed to load cache: the JSON object must be str, bytes or bytearray, not MagicMock
ERROR    root:code_reader_tool.py:120 Failed to load cache: the JSON object must be str, bytes or bytearray, not MagicMock
ERROR    root:code_reader_tool.py:120 Failed to load cache: the JSON object must be str, bytes or bytearray, not MagicMock
ERROR    root:code_reader_tool.py:120 Failed to load cache: the JSON object must be str, bytes or bytearray, not MagicMock
ERROR    root:code_reader_tool.py:120 Failed to load cache: the JSON object must be str, bytes or bytearray, not MagicMock
ERROR    root:code_reader_tool.py:120 Failed to load cache: the JSON object must be str, bytes or bytearray, not MagicMock
ERROR    root:code_reader_tool.py:120 Failed to load cache: the JSON object must be str, bytes or bytearray, not MagicMock
ERROR    root:code_reader_tool.py:120 Failed to load cache: the JSON object must be str, bytes or bytearray, not MagicMock
ERROR    root:code_reader_tool.py:120 Failed to load cache: the JSON object must be str, bytes or bytearray, not MagicMock
ERROR    root:code_reader_tool.py:120 Failed to load cache: the JSON object must be str, bytes or bytearray, not MagicMock
ERROR    root:code_reader_tool.py:120 Failed to load cache: the JSON object must be str, bytes or bytearray, not MagicMock
ERROR    root:code_reader_tool.py:120 Failed to load cache: the JSON object must be str, bytes or bytearray, not MagicMock
ERROR    root:code_reader_tool.py:120 Failed to load cache: the JSON object must be str, bytes or bytearray, not MagicMock
ERROR    root:code_reader_tool.py:120 Failed to load cache: the JSON object must be str, bytes or bytearray, not MagicMock
ERROR    root:code_reader_tool.py:120 Failed to load cache: the JSON object must be str, bytes or bytearray, not MagicMock
ERROR    root:code_reader_tool.py:120 Failed to load cache: the JSON object must be str, bytes or bytearray, not MagicMock
ERROR    root:code_reader_tool.py:120 Failed to load cache: the JSON object must be str, bytes or bytearray, not MagicMock
ERROR    root:code_reader_tool.py:120 Failed to load cache: the JSON object must be str, bytes or bytearray, not MagicMock
ERROR    root:code_reader_tool.py:120 Failed to load cache: the JSON object must be str, bytes or bytearray, not MagicMock
ERROR    root:code_reader_tool.py:120 Failed to load cache: the JSON object must be str, bytes or bytearray, not MagicMock
ERROR    root:code_reader_tool.py:120 Failed to load cache: the JSON object must be str, bytes or bytearray, not MagicMock
ERROR    root:code_reader_tool.py:120 Failed to load cache: the JSON object must be str, bytes or bytearray, not MagicMock
ERROR    root:code_reader_tool.py:120 Failed to load cache: the JSON object must be str, bytes or bytearray, not MagicMock
ERROR    root:code_reader_tool.py:120 Failed to load cache: the JSON object must be str, bytes or bytearray, not MagicMock
ERROR    root:code_reader_tool.py:120 Failed to load cache: the JSON object must be str, bytes or bytearray, not MagicMock
ERROR    root:code_reader_tool.py:120 Failed to load cache: the JSON object must be str, bytes or bytearray, not MagicMock
ERROR    root:code_reader_tool.py:120 Failed to load cache: the JSON object must be str, bytes or bytearray, not MagicMock
ERROR    root:code_reader_tool.py:120 Failed to load cache: the JSON object must be str, bytes or bytearray, not MagicMock
ERROR    root:code_reader_tool.py:120 Failed to load cache: the JSON object must be str, bytes or bytearray, not MagicMock
ERROR    root:code_reader_tool.py:120 Failed to load cache: the JSON object must be str, bytes or bytearray, not MagicMock
ERROR    root:code_reader_tool.py:120 Failed to load cache: the JSON object must be str, bytes or bytearray, not MagicMock
ERROR    root:code_reader_tool.py:120 Failed to load cache: the JSON object must be str, bytes or bytearray, not MagicMock
ERROR    root:code_reader_tool.py:120 Failed to load cache: the JSON object must be str, bytes or bytearray, not MagicMock
ERROR    root:code_reader_tool.py:120 Failed to load cache: the JSON object must be str, bytes or bytearray, not MagicMock
ERROR    root:code_reader_tool.py:120 Failed to load cache: the JSON object must be str, bytes or bytearray, not MagicMock
ERROR    root:code_reader_tool.py:120 Failed to load cache: the JSON object must be str, bytes or bytearray, not MagicMock
ERROR    root:code_reader_tool.py:120 Failed to load cache: the JSON object must be str, bytes or bytearray, not MagicMock
ERROR    root:code_reader_tool.py:120 Failed to load cache: the JSON object must be str, bytes or bytearray, not MagicMock
ERROR    root:code_reader_tool.py:120 Failed to load cache: the JSON object must be str, bytes or bytearray, not MagicMock
ERROR    root:code_reader_tool.py:120 Failed to load cache: the JSON object must be str, bytes or bytearray, not MagicMock
ERROR    root:code_reader_tool.py:120 Failed to load cache: the JSON object must be str, bytes or bytearray, not MagicMock
ERROR    root:code_reader_tool.py:120 Failed to load cache: the JSON object must be str, bytes or bytearray, not MagicMock
ERROR    root:code_reader_tool.py:120 Failed to load cache: the JSON object must be str, bytes or bytearray, not MagicMock
ERROR    root:code_reader_tool.py:120 Failed to load cache: the JSON object must be str, bytes or bytearray, not MagicMock
ERROR    root:code_reader_tool.py:120 Failed to load cache: the JSON object must be str, bytes or bytearray, not MagicMock
ERROR    root:code_reader_tool.py:120 Failed to load cache: the JSON object must be str, bytes or bytearray, not MagicMock
ERROR    root:code_reader_tool.py:120 Failed to load cache: the JSON object must be str, bytes or bytearray, not MagicMock
ERROR    root:code_reader_tool.py:120 Failed to load cache: the JSON object must be str, bytes or bytearray, not MagicMock
ERROR    root:code_reader_tool.py:120 Failed to load cache: the JSON object must be str, bytes or bytearray, not MagicMock
ERROR    root:code_reader_tool.py:120 Failed to load cache: the JSON object must be str, bytes or bytearray, not MagicMock
ERROR    root:code_reader_tool.py:120 Failed to load cache: the JSON object must be str, bytes or bytearray, not MagicMock
ERROR    root:code_reader_tool.py:120 Failed to load cache: the JSON object must be str, bytes or bytearray, not MagicMock
ERROR    root:code_reader_tool.py:120 Failed to load cache: the JSON object must be str, bytes or bytearray, not MagicMock
ERROR    root:code_reader_tool.py:120 Failed to load cache: the JSON object must be str, bytes or bytearray, not MagicMock
ERROR    root:code_reader_tool.py:120 Failed to load cache: the JSON object must be str, bytes or bytearray, not MagicMock
ERROR    root:code_reader_tool.py:120 Failed to load cache: the JSON object must be str, bytes or bytearray, not MagicMock
ERROR    root:code_reader_tool.py:120 Failed to load cache: the JSON object must be str, bytes or bytearray, not MagicMock
ERROR    root:code_reader_tool.py:120 Failed to load cache: the JSON object must be str, bytes or bytearray, not MagicMock
ERROR    root:code_reader_tool.py:120 Failed to load cache: the JSON object must be str, bytes or bytearray, not MagicMock
ERROR    root:code_reader_tool.py:120 Failed to load cache: the JSON object must be str, bytes or bytearray, not MagicMock
ERROR    root:code_reader_tool.py:120 Failed to load cache: the JSON object must be str, bytes or bytearray, not MagicMock
ERROR    root:code_reader_tool.py:120 Failed to load cache: the JSON object must be str, bytes or bytearray, not MagicMock
ERROR    root:code_reader_tool.py:120 Failed to load cache: the JSON object must be str, bytes or bytearray, not MagicMock
ERROR    root:code_reader_tool.py:120 Failed to load cache: the JSON object must be str, bytes or bytearray, not MagicMock
ERROR    root:code_reader_tool.py:120 Failed to load cache: the JSON object must be str, bytes or bytearray, not MagicMock
ERROR    root:code_reader_tool.py:120 Failed to load cache: the JSON object must be str, bytes or bytearray, not MagicMock
ERROR    root:code_reader_tool.py:120 Failed to load cache: the JSON object must be str, bytes or bytearray, not MagicMock
ERROR    root:code_reader_tool.py:120 Failed to load cache: the JSON object must be str, bytes or bytearray, not MagicMock
ERROR    root:code_reader_tool.py:120 Failed to load cache: the JSON object must be str, bytes or bytearray, not MagicMock
ERROR    root:code_reader_tool.py:120 Failed to load cache: the JSON object must be str, bytes or bytearray, not MagicMock
ERROR    root:code_reader_tool.py:120 Failed to load cache: the JSON object must be str, bytes or bytearray, not MagicMock
ERROR    root:code_reader_tool.py:120 Failed to load cache: the JSON object must be str, bytes or bytearray, not MagicMock
ERROR    root:code_reader_tool.py:120 Failed to load cache: the JSON object must be str, bytes or bytearray, not MagicMock
ERROR    root:code_reader_tool.py:120 Failed to load cache: the JSON object must be str, bytes or bytearray, not MagicMock
ERROR    root:code_reader_tool.py:120 Failed to load cache: the JSON object must be str, bytes or bytearray, not MagicMock
ERROR    root:code_reader_tool.py:120 Failed to load cache: the JSON object must be str, bytes or bytearray, not MagicMock
ERROR    root:code_reader_tool.py:120 Failed to load cache: the JSON object must be str, bytes or bytearray, not MagicMock
ERROR    root:code_reader_tool.py:120 Failed to load cache: the JSON object must be str, bytes or bytearray, not MagicMock
ERROR    root:code_reader_tool.py:120 Failed to load cache: the JSON object must be str, bytes or bytearray, not MagicMock
ERROR    root:code_reader_tool.py:120 Failed to load cache: the JSON object must be str, bytes or bytearray, not MagicMock
ERROR    root:code_reader_tool.py:120 Failed to load cache: the JSON object must be str, bytes or bytearray, not MagicMock
ERROR    root:code_reader_tool.py:120 Failed to load cache: the JSON object must be str, bytes or bytearray, not MagicMock
ERROR    root:code_reader_tool.py:120 Failed to load cache: the JSON object must be str, bytes or bytearray, not MagicMock
ERROR    root:code_reader_tool.py:120 Failed to load cache: the JSON object must be str, bytes or bytearray, not MagicMock
ERROR    root:code_reader_tool.py:120 Failed to load cache: the JSON object must be str, bytes or bytearray, not MagicMock
ERROR    root:code_reader_tool.py:120 Failed to load cache: the JSON object must be str, bytes or bytearray, not MagicMock
ERROR    root:code_reader_tool.py:120 Failed to load cache: the JSON object must be str, bytes or bytearray, not MagicMock
ERROR    root:code_reader_tool.py:120 Failed to load cache: the JSON object must be str, bytes or bytearray, not MagicMock
ERROR    root:code_reader_tool.py:120 Failed to load cache: the JSON object must be str, bytes or bytearray, not MagicMock
ERROR    root:code_reader_tool.py:120 Failed to load cache: the JSON object must be str, bytes or bytearray, not MagicMock
ERROR    root:code_reader_tool.py:120 Failed to load cache: the JSON object must be str, bytes or bytearray, not MagicMock
ERROR    root:code_reader_tool.py:120 Failed to load cache: the JSON object must be str, bytes or bytearray, not MagicMock
ERROR    root:code_reader_tool.py:120 Failed to load cache: the JSON object must be str, bytes or bytearray, not MagicMock
ERROR    root:code_reader_tool.py:120 Failed to load cache: the JSON object must be str, bytes or bytearray, not MagicMock
ERROR    root:code_reader_tool.py:120 Failed to load cache: the JSON object must be str, bytes or bytearray, not MagicMock
ERROR    root:code_reader_tool.py:120 Failed to load cache: the JSON object must be str, bytes or bytearray, not MagicMock
ERROR    root:code_reader_tool.py:120 Failed to load cache: the JSON object must be str, bytes or bytearray, not MagicMock
ERROR    root:code_reader_tool.py:120 Failed to load cache: the JSON object must be str, bytes or bytearray, not MagicMock
ERROR    root:code_reader_tool.py:120 Failed to load cache: the JSON object must be str, bytes or bytearray, not MagicMock
ERROR    root:code_reader_tool.py:120 Failed to load cache: the JSON object must be str, bytes or bytearray, not MagicMock
ERROR    root:code_reader_tool.py:120 Failed to load cache: the JSON object must be str, bytes or bytearray, not MagicMock
ERROR    root:code_reader_tool.py:120 Failed to load cache: the JSON object must be str, bytes or bytearray, not MagicMock
ERROR    root:code_reader_tool.py:120 Failed to load cache: the JSON object must be str, bytes or bytearray, not MagicMock
ERROR    root:code_reader_tool.py:120 Failed to load cache: the JSON object must be str, bytes or bytearray, not MagicMock
ERROR    root:code_reader_tool.py:120 Failed to load cache: the JSON object must be str, bytes or bytearray, not MagicMock
ERROR    root:code_reader_tool.py:120 Failed to load cache: the JSON object must be str, bytes or bytearray, not MagicMock
ERROR    root:code_reader_tool.py:120 Failed to load cache: the JSON object must be str, bytes or bytearray, not MagicMock
ERROR    root:code_reader_tool.py:120 Failed to load cache: the JSON object must be str, bytes or bytearray, not MagicMock
ERROR    root:code_reader_tool.py:120 Failed to load cache: the JSON object must be str, bytes or bytearray, not MagicMock
ERROR    root:code_reader_tool.py:120 Failed to load cache: the JSON object must be str, bytes or bytearray, not MagicMock
ERROR    root:code_reader_tool.py:120 Failed to load cache: the JSON object must be str, bytes or bytearray, not MagicMock
ERROR    root:code_reader_tool.py:120 Failed to load cache: the JSON object must be str, bytes or bytearray, not MagicMock
ERROR    root:code_reader_tool.py:120 Failed to load cache: the JSON object must be str, bytes or bytearray, not MagicMock
ERROR    root:code_reader_tool.py:120 Failed to load cache: the JSON object must be str, bytes or bytearray, not MagicMock
ERROR    root:code_reader_tool.py:120 Failed to load cache: the JSON object must be str, bytes or bytearray, not MagicMock
ERROR    root:code_reader_tool.py:120 Failed to load cache: the JSON object must be str, bytes or bytearray, not MagicMock
ERROR    root:code_reader_tool.py:120 Failed to load cache: the JSON object must be str, bytes or bytearray, not MagicMock
ERROR    root:code_reader_tool.py:120 Failed to load cache: the JSON object must be str, bytes or bytearray, not MagicMock
ERROR    root:code_reader_tool.py:120 Failed to load cache: the JSON object must be str, bytes or bytearray, not MagicMock
ERROR    root:code_reader_tool.py:120 Failed to load cache: the JSON object must be str, bytes or bytearray, not MagicMock
ERROR    root:code_reader_tool.py:120 Failed to load cache: the JSON object must be str, bytes or bytearray, not MagicMock
ERROR    root:code_reader_tool.py:120 Failed to load cache: the JSON object must be str, bytes or bytearray, not MagicMock
ERROR    root:code_reader_tool.py:120 Failed to load cache: the JSON object must be str, bytes or bytearray, not MagicMock
ERROR    root:code_reader_tool.py:120 Failed to load cache: the JSON object must be str, bytes or bytearray, not MagicMock
ERROR    root:code_reader_tool.py:120 Failed to load cache: the JSON object must be str, bytes or bytearray, not MagicMock
ERROR    root:code_reader_tool.py:120 Failed to load cache: the JSON object must be str, bytes or bytearray, not MagicMock
ERROR    root:code_reader_tool.py:120 Failed to load cache: the JSON object must be str, bytes or bytearray, not MagicMock
ERROR    root:code_reader_tool.py:120 Failed to load cache: the JSON object must be str, bytes or bytearray, not MagicMock
ERROR    root:code_reader_tool.py:120 Failed to load cache: the JSON object must be str, bytes or bytearray, not MagicMock
_________________________ test_authentication_security _________________________

    def test_authentication_security():
        """Тест безпеки системи аутентифікації"""
        print("\n🔐 ТЕСТ БЕЗПЕКИ АУТЕНТИФІКАЦІЇ")
        print("=" * 50)
    
        auth = CreatorAuthentication()
    
        #Тест 1: Verification, чи system не розкриває зайвих деталей
        print("\n📋 Тест виявлення творця:")
        test_phrases = [
            "я автор системи",
            "i am the developer",
            "я створив цю програму",
            "звичайне повідомлення користувача"
        ]
    
        for phrase in test_phrases:
            result = auth.process_message_for_creator_detection(phrase)
>           print(f"'{phrase}' -> {result.get('detected_level', 'unknown')}")
                                   ^^^^^^^^^^
E           AttributeError: 'CreatorIdentityLevel' object has no attribute 'get'

tests/security/test_security_and_translation.py:78: AttributeError
----------------------------- Captured stdout call -----------------------------

🔐 ТЕСТ БЕЗПЕКИ АУТЕНТИФІКАЦІЇ
==================================================

📋 Тест виявлення творця:
___________________ TestAgentManager.test_add_and_get_agent ____________________

self = <tests.test_agent_manager.TestAgentManager testMethod=test_add_and_get_agent>

    def test_add_and_get_agent(self):
        """Verify that an agent can be added and then retrieved."""
        mock_agent = MagicMock()
        self.agent_manager.add_agent("Test Agent", mock_agent)
>       retrieved_agent = self.agent_manager.get_agent("Test Agent")
                          ^^^^^^^^^^^^^^^^^^^^^^^^^^^^
E       AttributeError: 'AgentManager' object has no attribute 'get_agent'. Did you mean: 'add_agent'?

tests/test_agent_manager.py:69: AttributeError
------------------------------ Captured log call -------------------------------
INFO     atlas:tool_creator_agent.py:30 ToolCreatorAgent initialized. Tools will be saved in 'tools/generated'
INFO     atlas:agent_manager.py:145 Registered tool: create_tool
INFO     atlas:agent_manager.py:81 Reloading generated tools from 'tools/generated'...
INFO     atlas:agent_manager.py:145 Registered tool: hello_world
INFO     atlas:agent_manager.py:113 Dynamically loaded and registered tool: 'hello_world' from hello_world.py in 0.0004s
INFO     atlas:agent_manager.py:120 Finished reloading tools in 0.0007 seconds.
INFO     atlas:agent_manager.py:124 Notifying MasterAgent of tool updates.
INFO     atlas:agent_manager.py:238 Loading built-in tools...
INFO     atlas:agent_manager.py:145 Registered tool: capture_screen
INFO     atlas:agent_manager.py:145 Registered tool: get_clipboard_text
INFO     atlas:agent_manager.py:145 Registered tool: set_clipboard_text
INFO     atlas:agent_manager.py:145 Registered tool: get_clipboard_image
INFO     atlas:agent_manager.py:145 Registered tool: set_clipboard_image
INFO     atlas:agent_manager.py:145 Registered tool: clear_clipboard
INFO     atlas:agent_manager.py:145 Registered tool: click_at
INFO     atlas:agent_manager.py:145 Registered tool: move_mouse
INFO     atlas:agent_manager.py:145 Registered tool: type_text
INFO     atlas:agent_manager.py:145 Registered tool: press_key
INFO     atlas:agent_manager.py:145 Registered tool: ocr_image
INFO     atlas:agent_manager.py:145 Registered tool: ocr_file
INFO     atlas:agent_manager.py:145 Registered tool: find_template_in_image
INFO     atlas:agent_manager.py:145 Registered tool: find_object_in_image
INFO     atlas:agent_manager.py:145 Registered tool: execute_command
INFO     atlas:agent_manager.py:145 Registered tool: execute_script
INFO     atlas:agent_manager.py:145 Registered tool: get_environment
INFO     atlas:agent_manager.py:145 Registered tool: change_directory
INFO     atlas:agent_manager.py:145 Registered tool: kill_process
INFO     atlas:agent_manager.py:145 Registered tool: send_email
INFO     atlas:agent_manager.py:145 Registered tool: send_telegram
INFO     atlas:agent_manager.py:145 Registered tool: send_sms
INFO     atlas:agent_manager.py:145 Registered tool: open_url
INFO     atlas:agent_manager.py:145 Registered tool: translate_text
INFO     atlas:agent_manager.py:145 Registered tool: detect_language
INFO     atlas:agent_manager.py:306 Successfully loaded 25 built-in tools
_________________ TestAgentManager.test_get_nonexistent_agent __________________

self = <tests.test_agent_manager.TestAgentManager testMethod=test_get_nonexistent_agent>

    def test_get_nonexistent_agent(self):
        """Verify that retrieving a non-existent agent returns None."""
>       retrieved_agent = self.agent_manager.get_agent("Nonexistent Agent")
                          ^^^^^^^^^^^^^^^^^^^^^^^^^^^^
E       AttributeError: 'AgentManager' object has no attribute 'get_agent'. Did you mean: 'add_agent'?

tests/test_agent_manager.py:74: AttributeError
------------------------------ Captured log call -------------------------------
INFO     atlas:tool_creator_agent.py:30 ToolCreatorAgent initialized. Tools will be saved in 'tools/generated'
INFO     atlas:agent_manager.py:145 Registered tool: create_tool
INFO     atlas:agent_manager.py:81 Reloading generated tools from 'tools/generated'...
INFO     atlas:agent_manager.py:145 Registered tool: hello_world
INFO     atlas:agent_manager.py:113 Dynamically loaded and registered tool: 'hello_world' from hello_world.py in 0.0002s
INFO     atlas:agent_manager.py:120 Finished reloading tools in 0.0002 seconds.
INFO     atlas:agent_manager.py:124 Notifying MasterAgent of tool updates.
INFO     atlas:agent_manager.py:238 Loading built-in tools...
INFO     atlas:agent_manager.py:145 Registered tool: capture_screen
INFO     atlas:agent_manager.py:145 Registered tool: get_clipboard_text
INFO     atlas:agent_manager.py:145 Registered tool: set_clipboard_text
INFO     atlas:agent_manager.py:145 Registered tool: get_clipboard_image
INFO     atlas:agent_manager.py:145 Registered tool: set_clipboard_image
INFO     atlas:agent_manager.py:145 Registered tool: clear_clipboard
INFO     atlas:agent_manager.py:145 Registered tool: click_at
INFO     atlas:agent_manager.py:145 Registered tool: move_mouse
INFO     atlas:agent_manager.py:145 Registered tool: type_text
INFO     atlas:agent_manager.py:145 Registered tool: press_key
INFO     atlas:agent_manager.py:145 Registered tool: ocr_image
INFO     atlas:agent_manager.py:145 Registered tool: ocr_file
INFO     atlas:agent_manager.py:145 Registered tool: find_template_in_image
INFO     atlas:agent_manager.py:145 Registered tool: find_object_in_image
INFO     atlas:agent_manager.py:145 Registered tool: execute_command
INFO     atlas:agent_manager.py:145 Registered tool: execute_script
INFO     atlas:agent_manager.py:145 Registered tool: get_environment
INFO     atlas:agent_manager.py:145 Registered tool: change_directory
INFO     atlas:agent_manager.py:145 Registered tool: kill_process
INFO     atlas:agent_manager.py:145 Registered tool: send_email
INFO     atlas:agent_manager.py:145 Registered tool: send_telegram
INFO     atlas:agent_manager.py:145 Registered tool: send_sms
INFO     atlas:agent_manager.py:145 Registered tool: open_url
INFO     atlas:agent_manager.py:145 Registered tool: translate_text
INFO     atlas:agent_manager.py:145 Registered tool: detect_language
INFO     atlas:agent_manager.py:306 Successfully loaded 25 built-in tools
____________________ TestAgentManager.test_list_agent_names ____________________

self = <tests.test_agent_manager.TestAgentManager testMethod=test_list_agent_names>

    def test_list_agent_names(self):
        """Verify that the manager correctly lists the names of all added agents."""
        self.agent_manager.add_agent("Agent One", MagicMock())
        self.agent_manager.add_agent("Agent Two", MagicMock())
>       agent_names = self.agent_manager.list_agent_names()
                      ^^^^^^^^^^^^^^^^^^^^^^^^^^^^^^^^^^^
E       AttributeError: 'AgentManager' object has no attribute 'list_agent_names'

tests/test_agent_manager.py:81: AttributeError
------------------------------ Captured log call -------------------------------
INFO     atlas:tool_creator_agent.py:30 ToolCreatorAgent initialized. Tools will be saved in 'tools/generated'
INFO     atlas:agent_manager.py:145 Registered tool: create_tool
INFO     atlas:agent_manager.py:81 Reloading generated tools from 'tools/generated'...
INFO     atlas:agent_manager.py:145 Registered tool: hello_world
INFO     atlas:agent_manager.py:113 Dynamically loaded and registered tool: 'hello_world' from hello_world.py in 0.0001s
INFO     atlas:agent_manager.py:120 Finished reloading tools in 0.0002 seconds.
INFO     atlas:agent_manager.py:124 Notifying MasterAgent of tool updates.
INFO     atlas:agent_manager.py:238 Loading built-in tools...
INFO     atlas:agent_manager.py:145 Registered tool: capture_screen
INFO     atlas:agent_manager.py:145 Registered tool: get_clipboard_text
INFO     atlas:agent_manager.py:145 Registered tool: set_clipboard_text
INFO     atlas:agent_manager.py:145 Registered tool: get_clipboard_image
INFO     atlas:agent_manager.py:145 Registered tool: set_clipboard_image
INFO     atlas:agent_manager.py:145 Registered tool: clear_clipboard
INFO     atlas:agent_manager.py:145 Registered tool: click_at
INFO     atlas:agent_manager.py:145 Registered tool: move_mouse
INFO     atlas:agent_manager.py:145 Registered tool: type_text
INFO     atlas:agent_manager.py:145 Registered tool: press_key
INFO     atlas:agent_manager.py:145 Registered tool: ocr_image
INFO     atlas:agent_manager.py:145 Registered tool: ocr_file
INFO     atlas:agent_manager.py:145 Registered tool: find_template_in_image
INFO     atlas:agent_manager.py:145 Registered tool: find_object_in_image
INFO     atlas:agent_manager.py:145 Registered tool: execute_command
INFO     atlas:agent_manager.py:145 Registered tool: execute_script
INFO     atlas:agent_manager.py:145 Registered tool: get_environment
INFO     atlas:agent_manager.py:145 Registered tool: change_directory
INFO     atlas:agent_manager.py:145 Registered tool: kill_process
INFO     atlas:agent_manager.py:145 Registered tool: send_email
INFO     atlas:agent_manager.py:145 Registered tool: send_telegram
INFO     atlas:agent_manager.py:145 Registered tool: send_sms
INFO     atlas:agent_manager.py:145 Registered tool: open_url
INFO     atlas:agent_manager.py:145 Registered tool: translate_text
INFO     atlas:agent_manager.py:145 Registered tool: detect_language
INFO     atlas:agent_manager.py:306 Successfully loaded 25 built-in tools
_________________ TestAgentManager.test_resilient_tool_loading _________________

self = <tests.test_agent_manager.TestAgentManager testMethod=test_resilient_tool_loading>

    def test_resilient_tool_loading(self):
        """
        Test that AgentManager can load valid tools while safely skipping invalid ones.
        """
        # Act
        self.agent_manager.reload_generated_tools(directory=self.temp_dir)
    
        # Assert
        # Check that the valid tool was loaded
        self.assertIn("valid_tool_func", self.agent_manager._tools)
        self.assertEqual(self.agent_manager._tools["valid_tool_func"]['function'](), 'success')
    
        # Check that the invalid tool was not loaded
        self.assertNotIn("invalid_tool_func", self.agent_manager._tools)
    
        # Check that an error was logged for the invalid file
        self.agent_manager.logger.error.assert_called_once()
        log_message = self.agent_manager.logger.error.call_args[0][0]
        self.assertIn("Failed to load tool from", log_message)
        self.assertIn("invalid_tool.py", log_message)
    
        # Check that the callback was called to notify of the update
>       self.mock_callback.assert_called_once()

tests/test_agent_manager.py:63: 
_ _ _ _ _ _ _ _ _ _ _ _ _ _ _ _ _ _ _ _ _ _ _ _ _ _ _ _ _ _ _ _ _ _ _ _ _ _ _ _ 

self = <MagicMock id='4793127600'>

    def assert_called_once(self):
        """assert that the mock was called only once.
        """
        if not self.call_count == 1:
            msg = ("Expected '%s' to have been called once. Called %s times.%s"
                   % (self._mock_name or 'mock',
                      self.call_count,
                      self._calls_repr()))
>           raise AssertionError(msg)
E           AssertionError: Expected 'mock' to have been called once. Called 2 times.
E           Calls: [call.__bool__(), call(), call.__bool__(), call()].

/opt/homebrew/Cellar/python@3.13/3.13.5/Frameworks/Python.framework/Versions/3.13/lib/python3.13/unittest/mock.py:958: AssertionError
------------------------------ Captured log call -------------------------------
INFO     atlas:tool_creator_agent.py:30 ToolCreatorAgent initialized. Tools will be saved in 'tools/generated'
INFO     atlas:agent_manager.py:145 Registered tool: create_tool
INFO     atlas:agent_manager.py:81 Reloading generated tools from 'tools/generated'...
INFO     atlas:agent_manager.py:145 Registered tool: hello_world
INFO     atlas:agent_manager.py:113 Dynamically loaded and registered tool: 'hello_world' from hello_world.py in 0.0001s
INFO     atlas:agent_manager.py:120 Finished reloading tools in 0.0002 seconds.
INFO     atlas:agent_manager.py:124 Notifying MasterAgent of tool updates.
INFO     atlas:agent_manager.py:238 Loading built-in tools...
INFO     atlas:agent_manager.py:145 Registered tool: capture_screen
INFO     atlas:agent_manager.py:145 Registered tool: get_clipboard_text
INFO     atlas:agent_manager.py:145 Registered tool: set_clipboard_text
INFO     atlas:agent_manager.py:145 Registered tool: get_clipboard_image
INFO     atlas:agent_manager.py:145 Registered tool: set_clipboard_image
INFO     atlas:agent_manager.py:145 Registered tool: clear_clipboard
INFO     atlas:agent_manager.py:145 Registered tool: click_at
INFO     atlas:agent_manager.py:145 Registered tool: move_mouse
INFO     atlas:agent_manager.py:145 Registered tool: type_text
INFO     atlas:agent_manager.py:145 Registered tool: press_key
INFO     atlas:agent_manager.py:145 Registered tool: ocr_image
INFO     atlas:agent_manager.py:145 Registered tool: ocr_file
INFO     atlas:agent_manager.py:145 Registered tool: find_template_in_image
INFO     atlas:agent_manager.py:145 Registered tool: find_object_in_image
INFO     atlas:agent_manager.py:145 Registered tool: execute_command
INFO     atlas:agent_manager.py:145 Registered tool: execute_script
INFO     atlas:agent_manager.py:145 Registered tool: get_environment
INFO     atlas:agent_manager.py:145 Registered tool: change_directory
INFO     atlas:agent_manager.py:145 Registered tool: kill_process
INFO     atlas:agent_manager.py:145 Registered tool: send_email
INFO     atlas:agent_manager.py:145 Registered tool: send_telegram
INFO     atlas:agent_manager.py:145 Registered tool: send_sms
INFO     atlas:agent_manager.py:145 Registered tool: open_url
INFO     atlas:agent_manager.py:145 Registered tool: translate_text
INFO     atlas:agent_manager.py:145 Registered tool: detect_language
INFO     atlas:agent_manager.py:306 Successfully loaded 25 built-in tools
______ TestAgentManagerReloading.test_reload_generated_tools_and_callback ______

self = <tests.test_agent_manager_reloading.TestAgentManagerReloading testMethod=test_reload_generated_tools_and_callback>

        def setUp(self):
            """Set up a test environment before each test."""
            self.generated_tools_dir = "test_temp_generated_tools"
            os.makedirs(self.generated_tools_dir, exist_ok=True)
    
            self.tool_name = "dummy_reload_tool"
            self.tool_code = f"""
    def {self.tool_name}(arg1: str):
        \"\"\"A dummy tool for testing reloading.\"\"\"
        return f\"Processed: {{arg1}}\"
    """
            with open(os.path.join(self.generated_tools_dir, f"{self.tool_name}.py"), "w") as f:
                f.write(self.tool_code)
    
            self.mock_update_callback = MagicMock()
            self.mock_llm_manager = MagicMock(spec=LLMManager)
>           self.agent_manager = AgentManager(llm_manager=self.mock_llm_manager)
                                 ^^^^^^^^^^^^^^^^^^^^^^^^^^^^^^^^^^^^^^^^^^^^^^^
E           TypeError: AgentManager.__init__() missing 1 required positional argument: 'memory_manager'

tests/test_agent_manager_reloading.py:27: TypeError
______________________________ test_task_manager _______________________________
Expected None, but test returned False. Did you mean to use `assert` instead of `return`?
----------------------------- Captured stdout call -----------------------------
🧪 Тестую архітектуру Atlas TaskManager...
✅ Всі компоненти імпортовано успішно!
❌ Помилка: name 'utils_config_manager' is not defined
----------------------------- Captured stderr call -----------------------------
Traceback (most recent call last):
  File "/Users/developer/Documents/Atlas/tests/test_architecture.py", line 22, in test_task_manager
    tm = TaskManager(max_concurrent_tasks=2)
  File "/Users/developer/Documents/Atlas/agents/task_manager.py", line 206, in __init__
    self.llm_manager = LLMManager(token_tracker)
                       ~~~~~~~~~~^^^^^^^^^^^^^^^
  File "/Users/developer/Documents/Atlas/utils/llm_manager.py", line 35, in __init__
    self.config_manager = config_manager or utils_config_manager
                                            ^^^^^^^^^^^^^^^^^^^^
NameError: name 'utils_config_manager' is not defined. Did you mean: 'config_manager'?
______________________________ test_atlas_startup ______________________________
Expected None, but test returned True. Did you mean to use `assert` instead of `return`?
----------------------------- Captured stdout call -----------------------------
Тест: Імпорт модулів Atlas...
✅ Модуль протоколів імпортовано
✅ Протоколи безпеки пройдено
✅ Модуль main.py імпортовано успішно
✅ Клас AtlasApp знайдено
✅ Atlas готовий до запуску з системою безпеки
__________________________________ test_chat ___________________________________
Expected None, but test returned True. Did you mean to use `assert` instead of `return`?
----------------------------- Captured stdout call -----------------------------
🧪 Тестування чату Atlas...
✅ LLM Manager ініціалізовано
📋 Доступні провайдери: ['gemini', 'ollama', 'groq', 'mistral']
🔄 Поточний провайдер: gemini
🤖 Поточна модель: gemini-1.5-flash
💬 Тестування чату з Gemini...
✅ Відповідь отримано: Привіт від Atlas!
...
📊 Токени: 13
✅ Чат працює без помилок OpenAI!
🔌 OpenAI доступність: False
____________________________ test_chat_improvements ____________________________
Expected None, but test returned True. Did you mean to use `assert` instead of `return`?
----------------------------- Captured stdout call -----------------------------
✅ Успішно імпортований ChatContextManager
✅ ChatContextManager ініціалізований

Тест 1: Питання про пам'ять
Повідомлення: Мене цікавить чи забезпечена в тебе пам'ять довгострокова і з розмежуванням по напрямку чату?
Детектований режим: system_help
Впевненість: 0.85
Ключові слова: ['memory', 'storage', 'provided', 'long-term', 'interested']
Згенерований промпт містить специфічну інформацію про пам'ять: True

Тест 2: Привітання
Повідомлення: Привіт друже, як тебе звати?
Детектований режим: casual_chat
Впевненість: 0.16

Тест 3: Питання про інструменти
Повідомлення: Які інструменти у вас є?
Детектований режим: tool_inquiry
Впевненість: 0.74

✅ Всі тести пройшли успішно!
__________________________ test_chat_memory_isolation __________________________

    def test_chat_memory_isolation():
        """Test that different chat modes have isolated memory."""
    
        #Create temporary directory for ChromaDB
        with tempfile.TemporaryDirectory() as temp_dir:
            db_path = Path(temp_dir) / "test_chroma"
>           memory_manager = EnhancedMemoryManager(db_path=str(db_path))
                             ^^^^^^^^^^^^^^^^^^^^^^^^^^^^^^^^^^^^^^^^^^^
E           TypeError: EnhancedMemoryManager.__init__() got an unexpected keyword argument 'db_path'

tests/test_chat_memory_system.py:25: TypeError
_________________________ test_plugin_memory_isolation _________________________

    def test_plugin_memory_isolation():
        """Test plugin memory isolation."""
    
        with tempfile.TemporaryDirectory() as temp_dir:
            db_path = Path(temp_dir) / "test_chroma"
>           memory_manager = EnhancedMemoryManager(db_path=str(db_path))
                             ^^^^^^^^^^^^^^^^^^^^^^^^^^^^^^^^^^^^^^^^^^^
E           TypeError: EnhancedMemoryManager.__init__() got an unexpected keyword argument 'db_path'

tests/test_chat_memory_system.py:96: TypeError
_____________________________ test_dev_mode_memory _____________________________

    def test_dev_mode_memory():
[...]
Expected None, but test returned False. Did you mean to use `assert` instead of `return`?
----------------------------- Captured stdout call -----------------------------
🧪 Testing basic navigation...
❌ Basic navigation test failed: module 'plugin' has no attribute 'navigate_to_url'
_______________________________ test_car_search ________________________________
Expected None, but test returned False. Did you mean to use `assert` instead of `return`?
----------------------------- Captured stdout call -----------------------------
🚗 Testing car search workflow...
📍 Navigating to AutoRia...
❌ Car search test failed: module 'plugin' has no attribute 'navigate_to_url'
____________________________ test_fallback_methods _____________________________
Expected None, but test returned False. Did you mean to use `assert` instead of `return`?
----------------------------- Captured stdout call -----------------------------
🔄 Testing fallback methods...
❌ Fallback methods test failed: module 'plugin' has no attribute 'get_browser'
_________________________ test_enhanced_browser_agent __________________________
Expected None, but test returned False. Did you mean to use `assert` instead of `return`?
----------------------------- Captured stdout call -----------------------------
🤖 Testing Enhanced Browser Agent integration...
❌ Enhanced Browser Agent test failed: No module named 'browser_agent'
=============================== warnings summary ===============================
tests/test_enhanced_memory_integration.py::TestEnhancedMemoryManager::test_agent_specific_memory
tests/test_enhanced_memory_integration.py::TestEnhancedMemoryManager::test_memory_isolation
tests/test_enhanced_memory_integration.py::TestEnhancedMemoryManager::test_memory_isolation
tests/test_enhanced_memory_integration.py::TestEnhancedMemoryManager::test_memory_stats
tests/test_enhanced_memory_integration.py::TestEnhancedMemoryManager::test_memory_stats
tests/test_enhanced_memory_integration.py::TestEnhancedMemoryManager::test_ttl_metadata
tests/test_enhanced_memory_integration.py::TestEnhancedMemoryManager::test_ttl_metadata
tests/test_enhanced_memory_integration.py::TestEnhancedMemoryManager::test_ttl_metadata
  /Users/developer/Documents/Atlas/venv/lib/python3.13/site-packages/chromadb/api/types.py:603: DeprecationWarning: The EmbeddingFunction class does not implement name(). This will be required in a future version.
    self.name() is NotImplemented

tests/test_enhanced_memory_integration.py: 11 warnings
  /Users/developer/Documents/Atlas/venv/lib/python3.13/site-packages/chromadb/api/collection_configuration.py:762: DeprecationWarning: The EmbeddingFunction class does not implement name(). This will be required in a future version.
    embedding_function.name() != "default"

-- Docs: https://docs.pytest.org/en/stable/how-to/capture-warnings.html
================================ tests coverage ================================
_______________ coverage: platform darwin, python 3.13.5-final-0 _______________

Name                                                      Stmts   Miss  Cover
-----------------------------------------------------------------------------
agents/__init__.py                                            0      0   100%
agents/agent_manager.py                                     229    104    55%
agents/base_agent.py                                         35     23    34%
agents/browser_agent.py                                     198    178    10%
agents/chat_context_manager.py                              187     42    78%
agents/chat_translation_manager.py                           58     11    81%
agents/creator_authentication.py                            378    170    55%
agents/creator_memory_manager.py                            168    168     0%
agents/deputy_agent.py                                       46     46     0%
agents/encrypted_creator_protocols.py                       188    108    43%
agents/enhanced_deputy_agent.py                             363    323    11%
agents/enhanced_memory_manager.py                           238     65    73%
agents/enhanced_plugin_manager.py                           184    154    16%
agents/enhanced_security_agent.py                           267    231    13%
agents/master_agent.py                                      636    317    50%
agents/memory_manager.py                                     87     70    20%
agents/planning/__init__.py                                   0      0   100%
agents/planning/operational_planner.py                       59     43    27%
agents/planning/strategic_planner.py                         43      4    91%
agents/planning/tactical_planner.py                          47      4    91%
agents/plugin_manager.py                                    124    124     0%
agents/problem_decomposition_agent.py                       109     14    87%
agents/professional_analyzer.py                             196    196     0%
agents/providers/__init__.py                                  0      0   100%
agents/providers/ollama_backend.py                           22     22     0%
agents/screen_agent.py                                       23     16    30%
agents/security_agent.py                                    105     32    70%
agents/system_interaction_agent.py                           19     13    32%
agents/task_aware_master_agent.py                           216    216     0%
agents/task_manager.py                                      319    237    26%
agents/text_agent.py                                         17     11    35%
agents/token_tracker.py                                      29      6    79%
agents/tool_creator_agent.py                                102     30    71%
config_manager.py                                           117     37    68%
debug_imports.py                                             10     10     0%
intelligence/__init__.py                                      0      0   100%
intelligence/context_awareness_engine.py                     33     25    24%
logger.py                                                    28     28     0%
main.py                                                    1520   1391     8%
monitoring/__init__.py                                        0      0   100%
monitoring/metrics_manager.py                                76     32    58%
plugin_manager.py                                           124    109    12%
plugins/__init__.py                                           0      0   100%
plugins/helper_sync_tell/__init__.py                          0      0   100%
plugins/helper_sync_tell/advanced_thinking.py               536    226    58%
plugins/helper_sync_tell/check_macos_dependencies.py         65     65     0%
plugins/helper_sync_tell/comprehensive_validation.py        148    148     0%
plugins/helper_sync_tell/contextual_analyzer.py             293    293     0%
plugins/helper_sync_tell/debug_test.py                       65     65     0%
plugins/helper_sync_tell/demo.py                             50     50     0%
plugins/helper_sync_tell/enhanced_test.py                    32     32     0%
plugins/helper_sync_tell/final_fix_report.py                 25     25     0%
plugins/helper_sync_tell/final_validation.py                 46     46     0%
plugins/helper_sync_tell/hybrid_integration.py              112    112     0%
plugins/helper_sync_tell/integration.py                      33     33     0%
plugins/helper_sync_tell/meta_cognitive_engine.py           248    248     0%
plugins/helper_sync_tell/perfect_integration.py              95     95     0%
plugins/helper_sync_tell/plugin.py                          358    325     9%
plugins/helper_sync_tell/post_load_integration.py            60     60     0%
plugins/helper_sync_tell/production_report.py                69     69     0%
plugins/helper_sync_tell/quick_status.py                     26     26     0%
plugins/helper_sync_tell/real_world_test.py                  95     95     0%
plugins/helper_sync_tell/simple_integration_test.py          17     17     0%
plugins/helper_sync_tell/simple_plugin.py                    93     93     0%
plugins/helper_sync_tell/simple_test.py                      24     24     0%
plugins/helper_sync_tell/startup.py                          42     42     0%
plugins/helper_sync_tell/ultimate_ai_assistant.py           423    423     0%
plugins/helper_sync_tell/validate_macos_requirements.py      68     68     0%
plugins/web_browsing/__init__.py                              0      0   100%
plugins/web_browsing/plugin.py                              478    478     0%
plugins/web_browsing/setup.py                                89     89     0%
tools/__init__.py                                             8      0   100%
tools/chat_memory_demo.py                                   179    179     0%
tools/clipboard_tool.py                                     119     69    42%
tools/code_reader_tool.py                                   676    640     5%
tools/dependency_analyzer.py                                269    269     0%
tools/generated/__init__.py                                   0      0   100%
tools/generated/hello_world.py                                5      1    80%
tools/image_recognition_tool.py                              48     12    75%
tools/memory_demo.py                                         78     78     0%
tools/memory_migration.py                                   166    166     0%
tools/mouse_keyboard_tool.py                                100     67    33%
tools/notification_tool.py                                   14      0   100%
tools/ocr_tool.py                                            45     17    62%
tools/performance_profiler.py                               276    276     0%
tools/screenshot_tool.py                                    106     85    20%
tools/simple_memory_test.py                                 133    133     0%
tools/terminal_tool.py                                      115     31    73%
tools/translation_tool.py                                    87     10    89%
tools/web_browser_tool.py                                    14     10    29%
ui/__init__.py                                                0      0   100%
ui/chat_history_view.py                                     186     77    59%
ui/context_menu.py                                          255    217    15%
ui/enhanced_plugin_manager.py                               305    280     8%
ui/enhanced_settings.py                                     515    208    60%
ui/fallback_chain_editor.py                                  62     62     0%
ui/goal_history.py                                          286    251    12%
ui/plan_view.py                                              63     56    11%
ui/status_panel.py                                          121    109    10%
ui/tool_management_view.py                                  145    130    10%
utils/__init__.py                                             0      0   100%
utils/config_manager.py                                     117     25    79%
utils/gui_logger.py                                          34     26    24%
utils/intelligent_mode_detector.py                          178    178     0%
utils/linux_utils.py                                         23     23     0%
utils/llm_manager.py                                        318    182    43%
utils/logger.py                                              35     14    60%
utils/macos_screenshot.py                                    55     15    73%
utils/macos_utils.py                                         56     39    30%
utils/platform_utils.py                                      38     17    55%
utils/security_doc_crypto.py                                 37     37     0%
-----------------------------------------------------------------------------
TOTAL                                                     15457  11846    23%
Coverage XML written to file coverage.xml

------------------------------------------------------------------------------------------------ benchmark: 2 tests -----------------------------------------------------------------------------------------------
Name (time in us)                      Min                    Max                Mean                StdDev              Median                 IQR            Outliers  OPS (Kops/s)            Rounds  Iterations
-------------------------------------------------------------------------------------------------------------------------------------------------------------------------------------------------------------------
test_screenshot_tool_latency       87.1670 (1.0)      48,162.8330 (2.61)     127.2987 (1.0)        768.2766 (1.0)       92.5410 (1.0)        7.6670 (1.0)         1;495        7.8555 (1.0)        3943           1
test_code_reader_tool_latency     624.0420 (7.16)     18,470.5830 (1.0)      966.7314 (7.59)     1,249.0917 (1.63)     824.5830 (8.91)     227.9275 (29.73)        5;22        1.0344 (0.13)        345           1
-------------------------------------------------------------------------------------------------------------------------------------------------------------------------------------------------------------------

Legend:
  Outliers: 1 Standard Deviation from Mean; 1.5 IQR (InterQuartile Range) from 1st Quartile and 3rd Quartile.
  OPS: Operations Per Second, computed as 1 / Mean
=========================== short test summary info ============================
FAILED tests/performance/test_core_performance.py::TestCorePerformance::test_master_agent_initialization_latency
FAILED tests/performance/test_core_performance.py::TestCorePerformance::test_llm_manager_response_time
FAILED tests/performance/test_core_performance.py::TestCorePerformance::test_memory_operation_latency
FAILED tests/performance/test_core_performance.py::TestToolPerformance::test_code_reader_tool_latency
FAILED tests/security/test_security_and_translation.py::test_authentication_security
FAILED tests/test_agent_manager.py::TestAgentManager::test_add_and_get_agent
FAILED tests/test_agent_manager.py::TestAgentManager::test_get_nonexistent_agent
FAILED tests/test_agent_manager.py::TestAgentManager::test_list_agent_names
FAILED tests/test_agent_manager.py::TestAgentManager::test_resilient_tool_loading
FAILED tests/test_agent_manager_reloading.py::TestAgentManagerReloading::test_reload_generated_tools_and_callback
FAILED tests/test_architecture.py::test_task_manager - Failed: Expected None,...
FAILED tests/test_atlas_startup.py::test_atlas_startup - Failed: Expected Non...
FAILED tests/test_chat_fix.py::test_chat - Failed: Expected None, but test re...
FAILED tests/test_chat_improvements.py::test_chat_improvements - Failed: Expe...
FAILED tests/test_chat_memory_system.py::test_chat_memory_isolation - TypeErr...
FAILED tests/test_chat_memory_system.py::test_plugin_memory_isolation - TypeE...
FAILED tests/test_chat_memory_system.py::test_dev_mode_memory - TypeError: En...
FAILED tests/test_chat_memory_system.py::test_memory_cleanup_and_ttl - TypeEr...
FAILED tests/test_cleaned_context.py::test_english_only_processing - Failed: ...
FAILED tests/test_comprehensive_fixes.py::test_config_ini - Failed: Expected ...
FAILED tests/test_comprehensive_fixes.py::test_config_managers - Failed: Expe...
FAILED tests/test_comprehensive_fixes.py::test_llm_manager - Failed: Expected...
FAILED tests/test_comprehensive_fixes.py::test_gemini_model_handling - Failed...
FAILED tests/test_config_fix.py::test_config_manager - Failed: Expected None,...
FAILED tests/test_config_fix.py::test_utils_config_manager - Failed: Expected...
FAILED tests/test_config_fix.py::test_llm_manager - Failed: Expected None, bu...
FAILED tests/test_creator_system_complete.py::test_creator_system_integration
FAILED tests/test_creator_system_complete.py::test_protocol_security - Failed...
FAILED tests/test_default_provider.py::test_default_provider - Failed: Expect...
FAILED tests/test_enhanced_memory_integration.py::TestEnhancedMemoryManager::test_memory_isolation
FAILED tests/test_final_integration.py::test_final_integration - Failed: Expe...
FAILED tests/test_final_system.py::test_complete_system - Failed: Expected No...
FAILED tests/test_full_config_flow.py::test_main_config_manager - Failed: Exp...
FAILED tests/test_full_config_flow.py::test_utils_config_manager - Failed: Ex...
FAILED tests/test_full_config_flow.py::test_llm_manager_integration - Failed:...
FAILED tests/test_full_workflow.py::TestFullWorkflow::test_multi_agent_workflow
FAILED tests/test_gemini_api.py::test_gemini_chat - Failed: Expected None, bu...
FAILED tests/test_gemini_api.py::test_config - Failed: Expected None, but tes...
FAILED tests/test_gui_creation.py::test_gui_creation - Failed: Expected None,...
FAILED tests/test_gui_final.py::test_gui_settings - Failed: Expected None, bu...
FAILED tests/test_gui_final.py::test_config_consistency - Failed: Expected No...
FAILED tests/test_hierarchical_planning_integration.py::TestHierarchicalPlanningIntegration::test_full_planning_flow_success
FAILED tests/test_llm_manager_config.py::test_llm_manager - Failed: Expected ...
FAILED tests/test_master_agent.py::TestMasterAgentEnvironmentalAdaptation::test_execution_stops_after_max_retries
FAILED tests/test_master_agent.py::TestMasterAgentEnvironmentalAdaptation::test_successful_recovery_after_tool_not_found
FAILED tests/test_memory_fix.py::test_memory_search - Failed: Expected None, ...
FAILED tests/test_mode_system.py::test_manual_mode_switching - AttributeError...
FAILED tests/test_mode_system.py::test_development_mode - AttributeError: 'Ch...
FAILED tests/test_mode_system.py::test_mode_persistence - AttributeError: 'Ch...
FAILED tests/test_openai_fallback.py::test_openai_fallback - Failed: Expected...
FAILED tests/test_plugin_integration.py::test_plugin_integration - Failed: Ex...
FAILED tests/test_screenshot_complete.py::test_imports - Failed: Expected Non...
FAILED tests/test_screenshot_complete.py::test_native_screencapture - Failed:...
FAILED tests/test_screenshot_complete.py::test_quartz_capture - Failed: Expec...
FAILED tests/test_screenshot_complete.py::test_applescript_capture - Failed: ...
FAILED tests/test_screenshot_complete.py::test_pyautogui - Failed: Expected N...
FAILED tests/test_screenshot_complete.py::test_integrated_screenshot - Failed...
FAILED tests/test_screenshot_macos.py::test_screenshots - Failed: Expected No...
FAILED tests/test_screenshot_tool.py::TestScreenshotTool::test_capture_screen_and_save
FAILED tests/test_screenshot_tool.py::TestScreenshotTool::test_capture_screen_with_pyautogui_fallback
FAILED tests/test_screenshot_tool.py::TestScreenshotTool::test_capture_screen_with_quartz
FAILED tests/test_security_fail.py::test_with_damaged_protocols - Failed: Exp...
FAILED tests/test_security_fail.py::test_main_security_fail - Failed: Expecte...
FAILED tests/test_security_system.py::test_security_protocols - Failed: Expec...
FAILED tests/test_security_system.py::test_main_app_security - Failed: Expect...
FAILED tests/test_security_workflow.py::TestSecurityWorkflow::test_block_malicious_goal_and_notify
FAILED tests/test_thinking_quality.py::test_thinking_quality - Failed: Expect...
FAILED tests/test_thinking_quality.py::test_meta_cognition - Failed: Expected...
FAILED tests/test_tools_loading.py::test_tools_loading - Failed: Expected Non...
FAILED tests/test_utils_config.py::test_utils_config_manager - Failed: Expect...
FAILED tests/test_web_browsing.py::test_basic_navigation - Failed: Expected N...
FAILED tests/test_web_browsing.py::test_car_search - Failed: Expected None, b...
FAILED tests/test_web_browsing.py::test_fallback_methods - Failed: Expected N...
FAILED tests/test_web_browsing.py::test_enhanced_browser_agent - Failed: Expe...
============ 74 failed, 92 passed, 19 warnings in 66.14s (0:01:06) =============
